[2020-05-27 17:45:01.568] [exthost] [info] extension host started
[2020-05-27 17:45:01.715] [exthost] [info] ExtensionService#_doActivateExtension vscode.debug-auto-launch {"startup":true,"extensionId":{"value":"vscode.debug-auto-launch","_lower":"vscode.debug-auto-launch"},"activationEvent":"*"}
[2020-05-27 17:45:01.716] [exthost] [info] ExtensionService#loadCommonJSModule file:///usr/share/code/resources/app/extensions/debug-auto-launch/dist/extension
[2020-05-27 17:45:01.726] [exthost] [info] ExtensionService#_doActivateExtension vscode.emmet {"startup":true,"extensionId":{"value":"vscode.emmet","_lower":"vscode.emmet"},"activationEvent":"*"}
[2020-05-27 17:45:01.727] [exthost] [info] ExtensionService#loadCommonJSModule file:///usr/share/code/resources/app/extensions/emmet/dist/extension
[2020-05-27 17:45:01.784] [exthost] [info] ExtensionService#_doActivateExtension vscode.git {"startup":true,"extensionId":{"value":"vscode.git","_lower":"vscode.git"},"activationEvent":"*"}
[2020-05-27 17:45:01.784] [exthost] [info] ExtensionService#loadCommonJSModule file:///usr/share/code/resources/app/extensions/git/dist/main
[2020-05-27 17:45:01.886] [exthost] [info] ExtensionService#_doActivateExtension vscode.github-authentication {"startup":true,"extensionId":{"value":"vscode.github-authentication","_lower":"vscode.github-authentication"},"activationEvent":"*"}
[2020-05-27 17:45:01.886] [exthost] [info] ExtensionService#loadCommonJSModule file:///usr/share/code/resources/app/extensions/github-authentication/dist/extension.js
[2020-05-27 17:45:01.897] [exthost] [info] ExtensionService#_doActivateExtension vscode.merge-conflict {"startup":true,"extensionId":{"value":"vscode.merge-conflict","_lower":"vscode.merge-conflict"},"activationEvent":"*"}
[2020-05-27 17:45:01.897] [exthost] [info] ExtensionService#loadCommonJSModule file:///usr/share/code/resources/app/extensions/merge-conflict/dist/extension
[2020-05-27 17:45:01.908] [exthost] [info] ExtensionService#_doActivateExtension vscode.search-result {"startup":true,"extensionId":{"value":"vscode.search-result","_lower":"vscode.search-result"},"activationEvent":"*"}
[2020-05-27 17:45:01.909] [exthost] [info] ExtensionService#loadCommonJSModule file:///usr/share/code/resources/app/extensions/search-result/dist/extension.js
[2020-05-27 17:45:01.926] [exthost] [info] ExtensionService#_doActivateExtension vscode.vscode-account {"startup":true,"extensionId":{"value":"vscode.vscode-account","_lower":"vscode.vscode-account"},"activationEvent":"*"}
[2020-05-27 17:45:01.928] [exthost] [info] ExtensionService#loadCommonJSModule file:///usr/share/code/resources/app/extensions/vscode-account/dist/extension.js
[2020-05-27 17:45:01.963] [exthost] [info] ExtensionService#_doActivateExtension vscode.npm {"startup":true,"extensionId":{"value":"vscode.npm","_lower":"vscode.npm"},"activationEvent":"workspaceContains:package.json"}
[2020-05-27 17:45:01.963] [exthost] [info] ExtensionService#loadCommonJSModule file:///usr/share/code/resources/app/extensions/npm/dist/main
[2020-05-27 17:45:02.740] [exthost] [info] eager extensions activated
[2020-05-27 17:48:43.821] [exthost] [info] ExtensionService#_doActivateExtension vscode.typescript-language-features {"startup":false,"extensionId":{"value":"vscode.typescript-language-features","_lower":"vscode.typescript-language-features"},"activationEvent":"onLanguage:javascript"}
[2020-05-27 17:48:43.821] [exthost] [info] ExtensionService#loadCommonJSModule file:///usr/share/code/resources/app/extensions/typescript-language-features/dist/extension
[2020-05-27 17:48:43.897] [exthost] [info] ExtensionService#_doActivateExtension VisualStudioExptTeam.vscodeintellicode {"startup":false,"extensionId":{"value":"VisualStudioExptTeam.vscodeintellicode","_lower":"visualstudioexptteam.vscodeintellicode"},"activationEvent":"onLanguage:javascript"}
[2020-05-27 17:48:43.898] [exthost] [info] ExtensionService#loadCommonJSModule file:///home/santam/.vscode/extensions/visualstudioexptteam.vscodeintellicode-1.2.7/dist/intellicode
[2020-05-27 17:48:45.032] [exthost] [info] ExtensionService#_doActivateExtension vscode.configuration-editing {"startup":false,"extensionId":{"value":"vscode.configuration-editing","_lower":"vscode.configuration-editing"},"activationEvent":"onLanguage:jsonc"}
[2020-05-27 17:48:45.033] [exthost] [info] ExtensionService#loadCommonJSModule file:///usr/share/code/resources/app/extensions/configuration-editing/dist/extension
[2020-05-27 17:48:45.060] [exthost] [info] ExtensionService#_doActivateExtension vscode.json-language-features {"startup":false,"extensionId":{"value":"vscode.json-language-features","_lower":"vscode.json-language-features"},"activationEvent":"onLanguage:jsonc"}
[2020-05-27 17:48:45.061] [exthost] [info] ExtensionService#loadCommonJSModule file:///usr/share/code/resources/app/extensions/json-language-features/client/dist/jsonMain
[2020-05-27 17:49:54.332] [exthost] [info] ExtensionService#_doActivateExtension vscode.extension-editing {"startup":false,"extensionId":{"value":"vscode.extension-editing","_lower":"vscode.extension-editing"},"activationEvent":"onLanguage:typescript"}
[2020-05-27 17:49:54.332] [exthost] [info] ExtensionService#loadCommonJSModule file:///usr/share/code/resources/app/extensions/extension-editing/dist/extension
[2020-05-27 17:50:00.276] [exthost] [error] [vscode.typescript-language-features] provider FAILED
[2020-05-27 17:50:00.278] [exthost] [error] Error: busy
	at a._provideSemanticTokens (/usr/share/code/resources/app/extensions/typescript-language-features/dist/extension.js:1:183890)
[2020-05-27 17:50:04.170] [exthost] [error] [vscode.typescript-language-features] provider FAILED
[2020-05-27 17:50:04.170] [exthost] [error] Error: busy
	at a._provideSemanticTokens (/usr/share/code/resources/app/extensions/typescript-language-features/dist/extension.js:1:183890)
[2020-05-27 17:50:48.923] [exthost] [error] [vscode.typescript-language-features] provider FAILED
[2020-05-27 17:50:48.923] [exthost] [error] Error: busy
	at a._provideSemanticTokens (/usr/share/code/resources/app/extensions/typescript-language-features/dist/extension.js:1:183890)
[2020-05-27 17:50:58.380] [exthost] [info] ExtensionService#_doActivateExtension vscode.css-language-features {"startup":false,"extensionId":{"value":"vscode.css-language-features","_lower":"vscode.css-language-features"},"activationEvent":"onLanguage:css"}
[2020-05-27 17:50:58.380] [exthost] [info] ExtensionService#loadCommonJSModule file:///usr/share/code/resources/app/extensions/css-language-features/client/dist/cssMain
[2020-05-27 17:58:00.630] [exthost] [info] ExtensionService#_doActivateExtension batisteo.vscode-django {"startup":false,"extensionId":{"value":"batisteo.vscode-django","_lower":"batisteo.vscode-django"},"activationEvent":"onLanguage:django-html"}
[2020-05-27 17:58:00.631] [exthost] [info] ExtensionService#loadCommonJSModule file:///home/santam/.vscode/extensions/batisteo.vscode-django-0.20.0/out/extension
[2020-05-27 17:58:06.253] [exthost] [info] ExtensionService#_doActivateExtension vscode.html-language-features {"startup":false,"extensionId":{"value":"vscode.html-language-features","_lower":"vscode.html-language-features"},"activationEvent":"onLanguage:html"}
[2020-05-27 17:58:06.254] [exthost] [info] ExtensionService#loadCommonJSModule file:///usr/share/code/resources/app/extensions/html-language-features/client/dist/htmlMain
[2020-05-27 18:02:13.082] [exthost] [info] ExtensionService#_doActivateExtension vscode.image-preview {"startup":false,"extensionId":{"value":"vscode.image-preview","_lower":"vscode.image-preview"},"activationEvent":"onCustomEditor:imagePreview.previewEditor"}
[2020-05-27 18:02:13.082] [exthost] [info] ExtensionService#loadCommonJSModule file:///usr/share/code/resources/app/extensions/image-preview/dist/extension
[2020-05-27 18:03:09.191] [exthost] [error] [vscode.typescript-language-features] provider FAILED
[2020-05-27 18:03:09.193] [exthost] [error] Error: busy
	at a._provideSemanticTokens (/usr/share/code/resources/app/extensions/typescript-language-features/dist/extension.js:1:183890)
[2020-05-27 19:06:45.199] [exthost] [info] ExtensionService#_doActivateExtension vscode.markdown-language-features {"startup":false,"extensionId":{"value":"vscode.markdown-language-features","_lower":"vscode.markdown-language-features"},"activationEvent":"onLanguage:markdown"}
[2020-05-27 19:06:45.201] [exthost] [info] ExtensionService#loadCommonJSModule file:///usr/share/code/resources/app/extensions/markdown-language-features/dist/extension
